This file contains any messages produced by compilers while
running configure, to aid debugging if configure makes a mistake.

It was created by configure, which was
generated by GNU Autoconf 2.69.  Invocation command line was

  $ ./configure --no-create --no-recursion

## --------- ##
## Platform. ##
## --------- ##

hostname = centos6
uname -m = x86_64
uname -r = 2.6.32-431.el6.x86_64
uname -s = Linux
uname -v = #1 SMP Fri Nov 22 03:15:09 UTC 2013

/usr/bin/uname -p = unknown
/bin/uname -X     = unknown

/bin/arch              = x86_64
/usr/bin/arch -k       = unknown
/usr/convex/getsysinfo = unknown
/usr/bin/hostinfo      = unknown
/bin/machine           = unknown
/usr/bin/oslevel       = unknown
/bin/universe          = unknown

PATH: /usr/local/sbin
PATH: /usr/local/bin
PATH: /sbin
PATH: /bin
PATH: /usr/sbin
PATH: /usr/bin
PATH: /root/bin


## ----------- ##
## Core tests. ##
## ----------- ##

configure:2299: checking for a BSD-compatible install
configure:2367: result: /usr/bin/install -c
configure:2378: checking whether build environment is sane
configure:2428: result: yes
configure:2569: checking for a thread-safe mkdir -p
configure:2608: result: /bin/mkdir -p
configure:2621: checking for gawk
configure:2637: found /bin/gawk
configure:2648: result: gawk
configure:2659: checking whether make sets $(MAKE)
configure:2681: result: yes
configure:2876: checking for g++
configure:2892: found /usr/bin/g++
configure:2903: result: g++
configure:2930: checking for C++ compiler version
configure:2939: g++ --version >&5
g++ (GCC) 4.4.7 20120313 (Red Hat 4.4.7-4)
Copyright (C) 2010 Free Software Foundation, Inc.
This is free software; see the source for copying conditions.  There is NO
warranty; not even for MERCHANTABILITY or FITNESS FOR A PARTICULAR PURPOSE.

configure:2950: $? = 0
configure:2939: g++ -v >&5
Using built-in specs.
Target: x86_64-redhat-linux
Configured with: ../configure --prefix=/usr --mandir=/usr/share/man --infodir=/usr/share/info --with-bugurl=http://bugzilla.redhat.com/bugzilla --enable-bootstrap --enable-shared --enable-threads=posix --enable-checking=release --with-system-zlib --enable-__cxa_atexit --disable-libunwind-exceptions --enable-gnu-unique-object --enable-languages=c,c++,objc,obj-c++,java,fortran,ada --enable-java-awt=gtk --disable-dssi --with-java-home=/usr/lib/jvm/java-1.5.0-gcj-1.5.0.0/jre --enable-libgcj-multifile --enable-java-maintainer-mode --with-ecj-jar=/usr/share/java/eclipse-ecj.jar --disable-libjava-multilib --with-ppl --with-cloog --with-tune=generic --with-arch_32=i686 --build=x86_64-redhat-linux
Thread model: posix
gcc version 4.4.7 20120313 (Red Hat 4.4.7-4) (GCC) 
configure:2950: $? = 0
configure:2939: g++ -V >&5
g++: '-V' option must have argument
configure:2950: $? = 1
configure:2939: g++ -qversion >&5
g++: unrecognized option '-qversion'
g++: no input files
configure:2950: $? = 1
configure:2970: checking whether the C++ compiler works
configure:2992: g++    conftest.cpp  >&5
configure:2996: $? = 0
configure:3044: result: yes
configure:3047: checking for C++ compiler default output file name
configure:3049: result: a.out
configure:3055: checking for suffix of executables
configure:3062: g++ -o conftest    conftest.cpp  >&5
configure:3066: $? = 0
configure:3088: result: 
configure:3110: checking whether we are cross compiling
configure:3118: g++ -o conftest    conftest.cpp  >&5
configure:3122: $? = 0
configure:3129: ./conftest
configure:3133: $? = 0
configure:3148: result: no
configure:3153: checking for suffix of object files
configure:3175: g++ -c   conftest.cpp >&5
configure:3179: $? = 0
configure:3200: result: o
configure:3204: checking whether we are using the GNU C++ compiler
configure:3223: g++ -c   conftest.cpp >&5
configure:3223: $? = 0
configure:3232: result: yes
configure:3241: checking whether g++ accepts -g
configure:3261: g++ -c -g  conftest.cpp >&5
configure:3261: $? = 0
configure:3302: result: yes
configure:3336: checking for style of include used by make
configure:3364: result: GNU
configure:3389: checking dependency style of g++
configure:3499: result: gcc3
configure:3562: checking for gcc
configure:3578: found /usr/bin/gcc
configure:3589: result: gcc
configure:3818: checking for C compiler version
configure:3827: gcc --version >&5
gcc (GCC) 4.4.7 20120313 (Red Hat 4.4.7-4)
Copyright (C) 2010 Free Software Foundation, Inc.
This is free software; see the source for copying conditions.  There is NO
warranty; not even for MERCHANTABILITY or FITNESS FOR A PARTICULAR PURPOSE.

configure:3838: $? = 0
configure:3827: gcc -v >&5
Using built-in specs.
Target: x86_64-redhat-linux
Configured with: ../configure --prefix=/usr --mandir=/usr/share/man --infodir=/usr/share/info --with-bugurl=http://bugzilla.redhat.com/bugzilla --enable-bootstrap --enable-shared --enable-threads=posix --enable-checking=release --with-system-zlib --enable-__cxa_atexit --disable-libunwind-exceptions --enable-gnu-unique-object --enable-languages=c,c++,objc,obj-c++,java,fortran,ada --enable-java-awt=gtk --disable-dssi --with-java-home=/usr/lib/jvm/java-1.5.0-gcj-1.5.0.0/jre --enable-libgcj-multifile --enable-java-maintainer-mode --with-ecj-jar=/usr/share/java/eclipse-ecj.jar --disable-libjava-multilib --with-ppl --with-cloog --with-tune=generic --with-arch_32=i686 --build=x86_64-redhat-linux
Thread model: posix
gcc version 4.4.7 20120313 (Red Hat 4.4.7-4) (GCC) 
configure:3838: $? = 0
configure:3827: gcc -V >&5
gcc: '-V' option must have argument
configure:3838: $? = 1
configure:3827: gcc -qversion >&5
gcc: unrecognized option '-qversion'
gcc: no input files
configure:3838: $? = 1
configure:3842: checking whether we are using the GNU C compiler
configure:3861: gcc -c   conftest.c >&5
configure:3861: $? = 0
configure:3870: result: yes
configure:3879: checking whether gcc accepts -g
configure:3899: gcc -c -g  conftest.c >&5
configure:3899: $? = 0
configure:3940: result: yes
configure:3957: checking for gcc option to accept ISO C89
configure:4020: gcc  -c -g -O2  conftest.c >&5
configure:4020: $? = 0
configure:4033: result: none needed
configure:4055: checking dependency style of gcc
configure:4165: result: gcc3
configure:4184: checking for gawk
configure:4211: result: gawk
configure:4232: checking whether gcc and cc understand -c and -o together
configure:4263: gcc -c conftest.cpp -o conftest2.o >&5
configure:4267: $? = 0
configure:4273: gcc -c conftest.cpp -o conftest2.o >&5
configure:4277: $? = 0
configure:4288: cc -c conftest.cpp >&5
configure:4292: $? = 0
configure:4300: cc -c conftest.cpp -o conftest2.o >&5
configure:4304: $? = 0
configure:4310: cc -c conftest.cpp -o conftest2.o >&5
configure:4314: $? = 0
configure:4332: result: yes
configure:4360: checking for main in -lssl
configure:4379: g++ -o conftest -g -O2   conftest.cpp -lssl   >&5
configure:4379: $? = 0
configure:4388: result: yes
configure:4399: checking for main in -lcrypto
configure:4418: g++ -o conftest -g -O2   conftest.cpp -lcrypto  -lssl  >&5
configure:4418: $? = 0
configure:4427: result: yes
configure:4443: checking for ASN1_INTEGER_to_BN
configure:4443: g++ -o conftest -g -O2   conftest.cpp -lcrypto -lssl  >&5
configure:4443: $? = 0
configure:4443: result: yes
configure:4454: checking for BIO_free
configure:4454: g++ -o conftest -g -O2   conftest.cpp -lcrypto -lssl  >&5
configure:4454: $? = 0
configure:4454: result: yes
configure:4465: checking for BN_bn2hex
configure:4465: g++ -o conftest -g -O2   conftest.cpp -lcrypto -lssl  >&5
configure:4465: $? = 0
configure:4465: result: yes
configure:4476: checking for ERR_error_string
configure:4476: g++ -o conftest -g -O2   conftest.cpp -lcrypto -lssl  >&5
configure:4476: $? = 0
configure:4476: result: yes
configure:4487: checking for ERR_load_crypto_strings
configure:4487: g++ -o conftest -g -O2   conftest.cpp -lcrypto -lssl  >&5
configure:4487: $? = 0
configure:4487: result: yes
configure:4498: checking for ERR_print_errors_fp
configure:4498: g++ -o conftest -g -O2   conftest.cpp -lcrypto -lssl  >&5
configure:4498: $? = 0
configure:4498: result: yes
configure:4509: checking for OpenSSL_add_all_algorithms
configure:4509: g++ -o conftest -g -O2   conftest.cpp -lcrypto -lssl  >&5
/tmp/ccM6gYbp.o: In function `main':
/opt/code/c/cips-0.0.5/conftest.cpp:60: undefined reference to `OpenSSL_add_all_algorithms'
collect2: ld returned 1 exit status
configure:4509: $? = 1
configure: failed program was:
| /* confdefs.h */
| #define PACKAGE_NAME ""
| #define PACKAGE_TARNAME ""
| #define PACKAGE_VERSION ""
| #define PACKAGE_STRING ""
| #define PACKAGE_BUGREPORT ""
| #define PACKAGE_URL ""
| #define PACKAGE "cips"
| #define VERSION "0.0.3"
| #define CIPS_MAJOR_VERSION 0
| #define CIPS_MINOR_VERSION 0
| #define CIPS_MICRO_VERSION 3
| #define REL 1
| #define CIPS_VERSION_FULL "0.0.3-1"
| #define HOST_OS ""
| #define CPU_VENDOR_OS ""
| #define HAVE_LIBSSL 1
| #define HAVE_LIBCRYPTO 1
| #define HAVE_ASN1_INTEGER_TO_BN 1
| #define HAVE_BIO_FREE 1
| #define HAVE_BN_BN2HEX 1
| #define HAVE_ERR_ERROR_STRING 1
| #define HAVE_ERR_LOAD_CRYPTO_STRINGS 1
| #define HAVE_ERR_PRINT_ERRORS_FP 1
| /* end confdefs.h.  */
| /* Define OpenSSL_add_all_algorithms to an innocuous variant, in case <limits.h> declares OpenSSL_add_all_algorithms.
|    For example, HP-UX 11i <limits.h> declares gettimeofday.  */
| #define OpenSSL_add_all_algorithms innocuous_OpenSSL_add_all_algorithms
| 
| /* System header to define __stub macros and hopefully few prototypes,
|     which can conflict with char OpenSSL_add_all_algorithms (); below.
|     Prefer <limits.h> to <assert.h> if __STDC__ is defined, since
|     <limits.h> exists even on freestanding compilers.  */
| 
| #ifdef __STDC__
| # include <limits.h>
| #else
| # include <assert.h>
| #endif
| 
| #undef OpenSSL_add_all_algorithms
| 
| /* Override any GCC internal prototype to avoid an error.
|    Use char because int might match the return type of a GCC
|    builtin and then its argument prototype would still apply.  */
| #ifdef __cplusplus
| extern "C"
| #endif
| char OpenSSL_add_all_algorithms ();
| /* The GNU C library defines this for functions which it implements
|     to always fail with ENOSYS.  Some functions are actually named
|     something starting with __ and the normal name is an alias.  */
| #if defined __stub_OpenSSL_add_all_algorithms || defined __stub___OpenSSL_add_all_algorithms
| choke me
| #endif
| 
| int
| main ()
| {
| return OpenSSL_add_all_algorithms ();
|   ;
|   return 0;
| }
configure:4509: result: no
configure:4520: checking for PEM_read_bio_X509
configure:4520: g++ -o conftest -g -O2   conftest.cpp -lcrypto -lssl  >&5
configure:4520: $? = 0
configure:4520: result: yes
configure:4531: checking for RSA_private_decrypt
configure:4531: g++ -o conftest -g -O2   conftest.cpp -lcrypto -lssl  >&5
configure:4531: $? = 0
configure:4531: result: yes
configure:4542: checking for SSL_CTX_check_private_key
configure:4542: g++ -o conftest -g -O2   conftest.cpp -lcrypto -lssl  >&5
configure:4542: $? = 0
configure:4542: result: yes
configure:4553: checking for SSL_CTX_new
configure:4553: g++ -o conftest -g -O2   conftest.cpp -lcrypto -lssl  >&5
configure:4553: $? = 0
configure:4553: result: yes
configure:4564: checking for SSL_CTX_use_PrivateKey_file
configure:4564: g++ -o conftest -g -O2   conftest.cpp -lcrypto -lssl  >&5
configure:4564: $? = 0
configure:4564: result: yes
configure:4575: checking for SSL_CTX_use_certificate_file
configure:4575: g++ -o conftest -g -O2   conftest.cpp -lcrypto -lssl  >&5
configure:4575: $? = 0
configure:4575: result: yes
configure:4586: checking for SSL_get_peer_certificate
configure:4586: g++ -o conftest -g -O2   conftest.cpp -lcrypto -lssl  >&5
configure:4586: $? = 0
configure:4586: result: yes
configure:4597: checking for SSL_load_error_strings
configure:4597: g++ -o conftest -g -O2   conftest.cpp -lcrypto -lssl  >&5
configure:4597: $? = 0
configure:4597: result: yes
configure:4608: checking for SSL_write
configure:4608: g++ -o conftest -g -O2   conftest.cpp -lcrypto -lssl  >&5
configure:4608: $? = 0
configure:4608: result: yes
configure:4619: checking for SSLv2_client_method
configure:4619: g++ -o conftest -g -O2   conftest.cpp -lcrypto -lssl  >&5
configure:4619: $? = 0
configure:4619: result: yes
configure:4630: checking for X509_NAME_oneline
configure:4630: g++ -o conftest -g -O2   conftest.cpp -lcrypto -lssl  >&5
configure:4630: $? = 0
configure:4630: result: yes
configure:4641: checking for X509_free
configure:4641: g++ -o conftest -g -O2   conftest.cpp -lcrypto -lssl  >&5
configure:4641: $? = 0
configure:4641: result: yes
configure:4652: checking for X509_get_serialNumber
configure:4652: g++ -o conftest -g -O2   conftest.cpp -lcrypto -lssl  >&5
configure:4652: $? = 0
configure:4652: result: yes
configure:4663: checking for X509_issuer_and_serial_hash
configure:4663: g++ -o conftest -g -O2   conftest.cpp -lcrypto -lssl  >&5
configure:4663: $? = 0
configure:4663: result: yes
configure:4674: checking for X509_issuer_name_hash
configure:4674: g++ -o conftest -g -O2   conftest.cpp -lcrypto -lssl  >&5
configure:4674: $? = 0
configure:4674: result: yes
configure:4685: checking for X509_subject_name_hash
configure:4685: g++ -o conftest -g -O2   conftest.cpp -lcrypto -lssl  >&5
configure:4685: $? = 0
configure:4685: result: yes
configure:4696: checking for close
configure:4696: g++ -o conftest -g -O2   conftest.cpp -lcrypto -lssl  >&5
configure:4696: $? = 0
configure:4696: result: yes
configure:4707: checking for closedir
configure:4707: g++ -o conftest -g -O2   conftest.cpp -lcrypto -lssl  >&5
configure:4707: $? = 0
configure:4707: result: yes
configure:4718: checking for fopen
configure:4718: g++ -o conftest -g -O2   conftest.cpp -lcrypto -lssl  >&5
configure:4718: $? = 0
configure:4718: result: yes
configure:4729: checking for fork
configure:4729: g++ -o conftest -g -O2   conftest.cpp -lcrypto -lssl  >&5
configure:4729: $? = 0
configure:4729: result: yes
configure:4740: checking for fread
configure:4740: g++ -o conftest -g -O2   conftest.cpp -lcrypto -lssl  >&5
configure:4740: $? = 0
configure:4740: result: yes
configure:4751: checking for fwrite
configure:4751: g++ -o conftest -g -O2   conftest.cpp -lcrypto -lssl  >&5
configure:4751: $? = 0
configure:4751: result: yes
configure:4762: checking for getgrnam
configure:4762: g++ -o conftest -g -O2   conftest.cpp -lcrypto -lssl  >&5
configure:4762: $? = 0
configure:4762: result: yes
configure:4773: checking for gethostbyname
configure:4773: g++ -o conftest -g -O2   conftest.cpp -lcrypto -lssl  >&5
configure:4773: $? = 0
configure:4773: result: yes
configure:4784: checking for getprotobyname
configure:4784: g++ -o conftest -g -O2   conftest.cpp -lcrypto -lssl  >&5
configure:4784: $? = 0
configure:4784: result: yes
configure:4795: checking for inet_pton
configure:4795: g++ -o conftest -g -O2   conftest.cpp -lcrypto -lssl  >&5
configure:4795: $? = 0
configure:4795: result: yes
configure:4806: checking for malloc
configure:4806: g++ -o conftest -g -O2   conftest.cpp -lcrypto -lssl  >&5
configure:4806: $? = 0
configure:4806: result: yes
configure:4817: checking for memset
configure:4817: g++ -o conftest -g -O2   conftest.cpp -lcrypto -lssl  >&5
configure:4817: $? = 0
configure:4817: result: yes
configure:4828: checking for opendir
configure:4828: g++ -o conftest -g -O2   conftest.cpp -lcrypto -lssl  >&5
configure:4828: $? = 0
configure:4828: result: yes
configure:4839: checking for popen
configure:4839: g++ -o conftest -g -O2   conftest.cpp -lcrypto -lssl  >&5
configure:4839: $? = 0
configure:4839: result: yes
configure:4850: checking for read
configure:4850: g++ -o conftest -g -O2   conftest.cpp -lcrypto -lssl  >&5
configure:4850: $? = 0
configure:4850: result: yes
configure:4861: checking for realloc
configure:4861: g++ -o conftest -g -O2   conftest.cpp -lcrypto -lssl  >&5
configure:4861: $? = 0
configure:4861: result: yes
configure:4872: checking for recv
configure:4872: g++ -o conftest -g -O2   conftest.cpp -lcrypto -lssl  >&5
configure:4872: $? = 0
configure:4872: result: yes
configure:4883: checking for regcomp
configure:4883: g++ -o conftest -g -O2   conftest.cpp -lcrypto -lssl  >&5
configure:4883: $? = 0
configure:4883: result: yes
configure:4894: checking for regfree
configure:4894: g++ -o conftest -g -O2   conftest.cpp -lcrypto -lssl  >&5
configure:4894: $? = 0
configure:4894: result: yes
configure:4905: checking for snprintf
configure:4905: g++ -o conftest -g -O2   conftest.cpp -lcrypto -lssl  >&5
configure:4905: $? = 0
configure:4905: result: yes
configure:4916: checking for socket
configure:4916: g++ -o conftest -g -O2   conftest.cpp -lcrypto -lssl  >&5
configure:4916: $? = 0
configure:4916: result: yes
configure:4927: checking for sprintf
configure:4927: g++ -o conftest -g -O2   conftest.cpp -lcrypto -lssl  >&5
configure:4927: $? = 0
configure:4927: result: yes
configure:4938: checking for strcat
configure:4938: g++ -o conftest -g -O2   conftest.cpp -lcrypto -lssl  >&5
configure:4938: $? = 0
configure:4938: result: yes
configure:4949: checking for strcmp
configure:4949: g++ -o conftest -g -O2   conftest.cpp -lcrypto -lssl  >&5
configure:4949: $? = 0
configure:4949: result: yes
configure:4960: checking for strcpy
configure:4960: g++ -o conftest -g -O2   conftest.cpp -lcrypto -lssl  >&5
configure:4960: $? = 0
configure:4960: result: yes
configure:4971: checking for strftime
configure:4971: g++ -o conftest -g -O2   conftest.cpp -lcrypto -lssl  >&5
configure:4971: $? = 0
configure:4971: result: yes
configure:4982: checking for strncat
configure:4982: g++ -o conftest -g -O2   conftest.cpp -lcrypto -lssl  >&5
configure:4982: $? = 0
configure:4982: result: yes
configure:4993: checking for strncpy
configure:4993: g++ -o conftest -g -O2   conftest.cpp -lcrypto -lssl  >&5
configure:4993: $? = 0
configure:4993: result: yes
configure:5004: checking for strrchr
configure:5004: g++ -o conftest -g -O2   conftest.cpp -lcrypto -lssl  >&5
configure:5004: $? = 0
configure:5004: result: yes
configure:5015: checking for strstr
configure:5015: g++ -o conftest -g -O2   conftest.cpp -lcrypto -lssl  >&5
configure:5015: $? = 0
configure:5015: result: yes
configure:5026: checking for system
configure:5026: g++ -o conftest -g -O2   conftest.cpp -lcrypto -lssl  >&5
configure:5026: $? = 0
configure:5026: result: yes
configure:5037: checking for time
configure:5037: g++ -o conftest -g -O2   conftest.cpp -lcrypto -lssl  >&5
configure:5037: $? = 0
configure:5037: result: yes
configure:5048: checking for waitpid
configure:5048: g++ -o conftest -g -O2   conftest.cpp -lcrypto -lssl  >&5
configure:5048: $? = 0
configure:5048: result: yes
configure:5059: checking for bzero
configure:5059: g++ -o conftest -g -O2   conftest.cpp -lcrypto -lssl  >&5
configure:5059: $? = 0
configure:5059: result: yes
configure:5070: checking for getcwd
configure:5070: g++ -o conftest -g -O2   conftest.cpp -lcrypto -lssl  >&5
configure:5070: $? = 0
configure:5070: result: yes
configure:5081: checking for gethostname
configure:5081: g++ -o conftest -g -O2   conftest.cpp -lcrypto -lssl  >&5
configure:5081: $? = 0
configure:5081: result: yes
configure:5092: checking for inet_ntoa
configure:5092: g++ -o conftest -g -O2   conftest.cpp -lcrypto -lssl  >&5
configure:5092: $? = 0
configure:5092: result: yes
configure:5113: checking how to run the C++ preprocessor
configure:5140: g++ -E  conftest.cpp
configure:5140: $? = 0
configure:5154: g++ -E  conftest.cpp
conftest.cpp:79:28: error: ac_nonexistent.h: No such file or directory
configure:5154: $? = 1
configure: failed program was:
| /* confdefs.h */
| #define PACKAGE_NAME ""
| #define PACKAGE_TARNAME ""
| #define PACKAGE_VERSION ""
| #define PACKAGE_STRING ""
| #define PACKAGE_BUGREPORT ""
| #define PACKAGE_URL ""
| #define PACKAGE "cips"
| #define VERSION "0.0.3"
| #define CIPS_MAJOR_VERSION 0
| #define CIPS_MINOR_VERSION 0
| #define CIPS_MICRO_VERSION 3
| #define REL 1
| #define CIPS_VERSION_FULL "0.0.3-1"
| #define HOST_OS ""
| #define CPU_VENDOR_OS ""
| #define HAVE_LIBSSL 1
| #define HAVE_LIBCRYPTO 1
| #define HAVE_ASN1_INTEGER_TO_BN 1
| #define HAVE_BIO_FREE 1
| #define HAVE_BN_BN2HEX 1
| #define HAVE_ERR_ERROR_STRING 1
| #define HAVE_ERR_LOAD_CRYPTO_STRINGS 1
| #define HAVE_ERR_PRINT_ERRORS_FP 1
| #define HAVE_PEM_READ_BIO_X509 1
| #define HAVE_RSA_PRIVATE_DECRYPT 1
| #define HAVE_SSL_CTX_CHECK_PRIVATE_KEY 1
| #define HAVE_SSL_CTX_NEW 1
| #define HAVE_SSL_CTX_USE_PRIVATEKEY_FILE 1
| #define HAVE_SSL_CTX_USE_CERTIFICATE_FILE 1
| #define HAVE_SSL_GET_PEER_CERTIFICATE 1
| #define HAVE_SSL_LOAD_ERROR_STRINGS 1
| #define HAVE_SSL_WRITE 1
| #define HAVE_SSLV2_CLIENT_METHOD 1
| #define HAVE_X509_NAME_ONELINE 1
| #define HAVE_X509_FREE 1
| #define HAVE_X509_GET_SERIALNUMBER 1
| #define HAVE_X509_ISSUER_AND_SERIAL_HASH 1
| #define HAVE_X509_ISSUER_NAME_HASH 1
| #define HAVE_X509_SUBJECT_NAME_HASH 1
| #define HAVE_CLOSE 1
| #define HAVE_CLOSEDIR 1
| #define HAVE_FOPEN 1
| #define HAVE_FORK 1
| #define HAVE_FREAD 1
| #define HAVE_FWRITE 1
| #define HAVE_GETGRNAM 1
| #define HAVE_GETHOSTBYNAME 1
| #define HAVE_GETPROTOBYNAME 1
| #define HAVE_INET_PTON 1
| #define HAVE_MALLOC 1
| #define HAVE_MEMSET 1
| #define HAVE_OPENDIR 1
| #define HAVE_POPEN 1
| #define HAVE_READ 1
| #define HAVE_REALLOC 1
| #define HAVE_RECV 1
| #define HAVE_REGCOMP 1
| #define HAVE_REGFREE 1
| #define HAVE_SNPRINTF 1
| #define HAVE_SOCKET 1
| #define HAVE_SPRINTF 1
| #define HAVE_STRCAT 1
| #define HAVE_STRCMP 1
| #define HAVE_STRCPY 1
| #define HAVE_STRFTIME 1
| #define HAVE_STRNCAT 1
| #define HAVE_STRNCPY 1
| #define HAVE_STRRCHR 1
| #define HAVE_STRSTR 1
| #define HAVE_SYSTEM 1
| #define HAVE_TIME 1
| #define HAVE_WAITPID 1
| #define HAVE_BZERO 1
| #define HAVE_GETCWD 1
| #define HAVE_GETHOSTNAME 1
| #define HAVE_INET_NTOA 1
| /* end confdefs.h.  */
| #include <ac_nonexistent.h>
configure:5179: result: g++ -E
configure:5199: g++ -E  conftest.cpp
configure:5199: $? = 0
configure:5213: g++ -E  conftest.cpp
conftest.cpp:79:28: error: ac_nonexistent.h: No such file or directory
configure:5213: $? = 1
configure: failed program was:
| /* confdefs.h */
| #define PACKAGE_NAME ""
| #define PACKAGE_TARNAME ""
| #define PACKAGE_VERSION ""
| #define PACKAGE_STRING ""
| #define PACKAGE_BUGREPORT ""
| #define PACKAGE_URL ""
| #define PACKAGE "cips"
| #define VERSION "0.0.3"
| #define CIPS_MAJOR_VERSION 0
| #define CIPS_MINOR_VERSION 0
| #define CIPS_MICRO_VERSION 3
| #define REL 1
| #define CIPS_VERSION_FULL "0.0.3-1"
| #define HOST_OS ""
| #define CPU_VENDOR_OS ""
| #define HAVE_LIBSSL 1
| #define HAVE_LIBCRYPTO 1
| #define HAVE_ASN1_INTEGER_TO_BN 1
| #define HAVE_BIO_FREE 1
| #define HAVE_BN_BN2HEX 1
| #define HAVE_ERR_ERROR_STRING 1
| #define HAVE_ERR_LOAD_CRYPTO_STRINGS 1
| #define HAVE_ERR_PRINT_ERRORS_FP 1
| #define HAVE_PEM_READ_BIO_X509 1
| #define HAVE_RSA_PRIVATE_DECRYPT 1
| #define HAVE_SSL_CTX_CHECK_PRIVATE_KEY 1
| #define HAVE_SSL_CTX_NEW 1
| #define HAVE_SSL_CTX_USE_PRIVATEKEY_FILE 1
| #define HAVE_SSL_CTX_USE_CERTIFICATE_FILE 1
| #define HAVE_SSL_GET_PEER_CERTIFICATE 1
| #define HAVE_SSL_LOAD_ERROR_STRINGS 1
| #define HAVE_SSL_WRITE 1
| #define HAVE_SSLV2_CLIENT_METHOD 1
| #define HAVE_X509_NAME_ONELINE 1
| #define HAVE_X509_FREE 1
| #define HAVE_X509_GET_SERIALNUMBER 1
| #define HAVE_X509_ISSUER_AND_SERIAL_HASH 1
| #define HAVE_X509_ISSUER_NAME_HASH 1
| #define HAVE_X509_SUBJECT_NAME_HASH 1
| #define HAVE_CLOSE 1
| #define HAVE_CLOSEDIR 1
| #define HAVE_FOPEN 1
| #define HAVE_FORK 1
| #define HAVE_FREAD 1
| #define HAVE_FWRITE 1
| #define HAVE_GETGRNAM 1
| #define HAVE_GETHOSTBYNAME 1
| #define HAVE_GETPROTOBYNAME 1
| #define HAVE_INET_PTON 1
| #define HAVE_MALLOC 1
| #define HAVE_MEMSET 1
| #define HAVE_OPENDIR 1
| #define HAVE_POPEN 1
| #define HAVE_READ 1
| #define HAVE_REALLOC 1
| #define HAVE_RECV 1
| #define HAVE_REGCOMP 1
| #define HAVE_REGFREE 1
| #define HAVE_SNPRINTF 1
| #define HAVE_SOCKET 1
| #define HAVE_SPRINTF 1
| #define HAVE_STRCAT 1
| #define HAVE_STRCMP 1
| #define HAVE_STRCPY 1
| #define HAVE_STRFTIME 1
| #define HAVE_STRNCAT 1
| #define HAVE_STRNCPY 1
| #define HAVE_STRRCHR 1
| #define HAVE_STRSTR 1
| #define HAVE_SYSTEM 1
| #define HAVE_TIME 1
| #define HAVE_WAITPID 1
| #define HAVE_BZERO 1
| #define HAVE_GETCWD 1
| #define HAVE_GETHOSTNAME 1
| #define HAVE_INET_NTOA 1
| /* end confdefs.h.  */
| #include <ac_nonexistent.h>
configure:5242: checking for grep that handles long lines and -e
configure:5300: result: /bin/grep
configure:5305: checking for egrep
configure:5367: result: /bin/grep -E
configure:5372: checking for ANSI C header files
configure:5392: g++ -c -g -O2  conftest.cpp >&5
configure:5392: $? = 0
configure:5465: g++ -o conftest -g -O2   conftest.cpp -lcrypto -lssl  >&5
configure:5465: $? = 0
configure:5465: ./conftest
configure:5465: $? = 0
configure:5476: result: yes
configure:5484: checking for sys/wait.h that is POSIX.1 compatible
configure:5510: g++ -c -g -O2  conftest.cpp >&5
configure:5510: $? = 0
configure:5517: result: yes
configure:5525: checking whether time.h and sys/time.h may both be included
configure:5545: g++ -c -g -O2  conftest.cpp >&5
configure:5545: $? = 0
configure:5552: result: yes
configure:5566: checking for sys/types.h
configure:5566: g++ -c -g -O2  conftest.cpp >&5
configure:5566: $? = 0
configure:5566: result: yes
configure:5566: checking for sys/stat.h
configure:5566: g++ -c -g -O2  conftest.cpp >&5
configure:5566: $? = 0
configure:5566: result: yes
configure:5566: checking for stdlib.h
configure:5566: g++ -c -g -O2  conftest.cpp >&5
configure:5566: $? = 0
configure:5566: result: yes
configure:5566: checking for string.h
configure:5566: g++ -c -g -O2  conftest.cpp >&5
configure:5566: $? = 0
configure:5566: result: yes
configure:5566: checking for memory.h
configure:5566: g++ -c -g -O2  conftest.cpp >&5
configure:5566: $? = 0
configure:5566: result: yes
configure:5566: checking for strings.h
configure:5566: g++ -c -g -O2  conftest.cpp >&5
configure:5566: $? = 0
configure:5566: result: yes
configure:5566: checking for inttypes.h
configure:5566: g++ -c -g -O2  conftest.cpp >&5
configure:5566: $? = 0
configure:5566: result: yes
configure:5566: checking for stdint.h
configure:5566: g++ -c -g -O2  conftest.cpp >&5
configure:5566: $? = 0
configure:5566: result: yes
configure:5566: checking for unistd.h
configure:5566: g++ -c -g -O2  conftest.cpp >&5
configure:5566: $? = 0
configure:5566: result: yes
configure:5578: checking for size_t
configure:5578: g++ -c -g -O2  conftest.cpp >&5
configure:5578: $? = 0
configure:5578: g++ -c -g -O2  conftest.cpp >&5
conftest.cpp: In function 'int main()':
conftest.cpp:127: error: expected primary-expression before ')' token
configure:5578: $? = 1
configure: failed program was:
| /* confdefs.h */
| #define PACKAGE_NAME ""
| #define PACKAGE_TARNAME ""
| #define PACKAGE_VERSION ""
| #define PACKAGE_STRING ""
| #define PACKAGE_BUGREPORT ""
| #define PACKAGE_URL ""
| #define PACKAGE "cips"
| #define VERSION "0.0.3"
| #define CIPS_MAJOR_VERSION 0
| #define CIPS_MINOR_VERSION 0
| #define CIPS_MICRO_VERSION 3
| #define REL 1
| #define CIPS_VERSION_FULL "0.0.3-1"
| #define HOST_OS ""
| #define CPU_VENDOR_OS ""
| #define HAVE_LIBSSL 1
| #define HAVE_LIBCRYPTO 1
| #define HAVE_ASN1_INTEGER_TO_BN 1
| #define HAVE_BIO_FREE 1
| #define HAVE_BN_BN2HEX 1
| #define HAVE_ERR_ERROR_STRING 1
| #define HAVE_ERR_LOAD_CRYPTO_STRINGS 1
| #define HAVE_ERR_PRINT_ERRORS_FP 1
| #define HAVE_PEM_READ_BIO_X509 1
| #define HAVE_RSA_PRIVATE_DECRYPT 1
| #define HAVE_SSL_CTX_CHECK_PRIVATE_KEY 1
| #define HAVE_SSL_CTX_NEW 1
| #define HAVE_SSL_CTX_USE_PRIVATEKEY_FILE 1
| #define HAVE_SSL_CTX_USE_CERTIFICATE_FILE 1
| #define HAVE_SSL_GET_PEER_CERTIFICATE 1
| #define HAVE_SSL_LOAD_ERROR_STRINGS 1
| #define HAVE_SSL_WRITE 1
| #define HAVE_SSLV2_CLIENT_METHOD 1
| #define HAVE_X509_NAME_ONELINE 1
| #define HAVE_X509_FREE 1
| #define HAVE_X509_GET_SERIALNUMBER 1
| #define HAVE_X509_ISSUER_AND_SERIAL_HASH 1
| #define HAVE_X509_ISSUER_NAME_HASH 1
| #define HAVE_X509_SUBJECT_NAME_HASH 1
| #define HAVE_CLOSE 1
| #define HAVE_CLOSEDIR 1
| #define HAVE_FOPEN 1
| #define HAVE_FORK 1
| #define HAVE_FREAD 1
| #define HAVE_FWRITE 1
| #define HAVE_GETGRNAM 1
| #define HAVE_GETHOSTBYNAME 1
| #define HAVE_GETPROTOBYNAME 1
| #define HAVE_INET_PTON 1
| #define HAVE_MALLOC 1
| #define HAVE_MEMSET 1
| #define HAVE_OPENDIR 1
| #define HAVE_POPEN 1
| #define HAVE_READ 1
| #define HAVE_REALLOC 1
| #define HAVE_RECV 1
| #define HAVE_REGCOMP 1
| #define HAVE_REGFREE 1
| #define HAVE_SNPRINTF 1
| #define HAVE_SOCKET 1
| #define HAVE_SPRINTF 1
| #define HAVE_STRCAT 1
| #define HAVE_STRCMP 1
| #define HAVE_STRCPY 1
| #define HAVE_STRFTIME 1
| #define HAVE_STRNCAT 1
| #define HAVE_STRNCPY 1
| #define HAVE_STRRCHR 1
| #define HAVE_STRSTR 1
| #define HAVE_SYSTEM 1
| #define HAVE_TIME 1
| #define HAVE_WAITPID 1
| #define HAVE_BZERO 1
| #define HAVE_GETCWD 1
| #define HAVE_GETHOSTNAME 1
| #define HAVE_INET_NTOA 1
| #define STDC_HEADERS 1
| #define HAVE_SYS_WAIT_H 1
| #define TIME_WITH_SYS_TIME 1
| #define HAVE_SYS_TYPES_H 1
| #define HAVE_SYS_STAT_H 1
| #define HAVE_STDLIB_H 1
| #define HAVE_STRING_H 1
| #define HAVE_MEMORY_H 1
| #define HAVE_STRINGS_H 1
| #define HAVE_INTTYPES_H 1
| #define HAVE_STDINT_H 1
| #define HAVE_UNISTD_H 1
| /* end confdefs.h.  */
| #include <stdio.h>
| #ifdef HAVE_SYS_TYPES_H
| # include <sys/types.h>
| #endif
| #ifdef HAVE_SYS_STAT_H
| # include <sys/stat.h>
| #endif
| #ifdef STDC_HEADERS
| # include <stdlib.h>
| # include <stddef.h>
| #else
| # ifdef HAVE_STDLIB_H
| #  include <stdlib.h>
| # endif
| #endif
| #ifdef HAVE_STRING_H
| # if !defined STDC_HEADERS && defined HAVE_MEMORY_H
| #  include <memory.h>
| # endif
| # include <string.h>
| #endif
| #ifdef HAVE_STRINGS_H
| # include <strings.h>
| #endif
| #ifdef HAVE_INTTYPES_H
| # include <inttypes.h>
| #endif
| #ifdef HAVE_STDINT_H
| # include <stdint.h>
| #endif
| #ifdef HAVE_UNISTD_H
| # include <unistd.h>
| #endif
| int
| main ()
| {
| if (sizeof ((size_t)))
| 	    return 0;
|   ;
|   return 0;
| }
configure:5578: result: yes
configure:5589: checking for error_at_line
configure:5605: g++ -o conftest -g -O2   conftest.cpp -lcrypto -lssl  >&5
configure:5605: $? = 0
configure:5613: result: yes
configure:5624: checking for pid_t
configure:5624: g++ -c -g -O2  conftest.cpp >&5
configure:5624: $? = 0
configure:5624: g++ -c -g -O2  conftest.cpp >&5
conftest.cpp: In function 'int main()':
conftest.cpp:127: error: expected primary-expression before ')' token
configure:5624: $? = 1
configure: failed program was:
| /* confdefs.h */
| #define PACKAGE_NAME ""
| #define PACKAGE_TARNAME ""
| #define PACKAGE_VERSION ""
| #define PACKAGE_STRING ""
| #define PACKAGE_BUGREPORT ""
| #define PACKAGE_URL ""
| #define PACKAGE "cips"
| #define VERSION "0.0.3"
| #define CIPS_MAJOR_VERSION 0
| #define CIPS_MINOR_VERSION 0
| #define CIPS_MICRO_VERSION 3
| #define REL 1
| #define CIPS_VERSION_FULL "0.0.3-1"
| #define HOST_OS ""
| #define CPU_VENDOR_OS ""
| #define HAVE_LIBSSL 1
| #define HAVE_LIBCRYPTO 1
| #define HAVE_ASN1_INTEGER_TO_BN 1
| #define HAVE_BIO_FREE 1
| #define HAVE_BN_BN2HEX 1
| #define HAVE_ERR_ERROR_STRING 1
| #define HAVE_ERR_LOAD_CRYPTO_STRINGS 1
| #define HAVE_ERR_PRINT_ERRORS_FP 1
| #define HAVE_PEM_READ_BIO_X509 1
| #define HAVE_RSA_PRIVATE_DECRYPT 1
| #define HAVE_SSL_CTX_CHECK_PRIVATE_KEY 1
| #define HAVE_SSL_CTX_NEW 1
| #define HAVE_SSL_CTX_USE_PRIVATEKEY_FILE 1
| #define HAVE_SSL_CTX_USE_CERTIFICATE_FILE 1
| #define HAVE_SSL_GET_PEER_CERTIFICATE 1
| #define HAVE_SSL_LOAD_ERROR_STRINGS 1
| #define HAVE_SSL_WRITE 1
| #define HAVE_SSLV2_CLIENT_METHOD 1
| #define HAVE_X509_NAME_ONELINE 1
| #define HAVE_X509_FREE 1
| #define HAVE_X509_GET_SERIALNUMBER 1
| #define HAVE_X509_ISSUER_AND_SERIAL_HASH 1
| #define HAVE_X509_ISSUER_NAME_HASH 1
| #define HAVE_X509_SUBJECT_NAME_HASH 1
| #define HAVE_CLOSE 1
| #define HAVE_CLOSEDIR 1
| #define HAVE_FOPEN 1
| #define HAVE_FORK 1
| #define HAVE_FREAD 1
| #define HAVE_FWRITE 1
| #define HAVE_GETGRNAM 1
| #define HAVE_GETHOSTBYNAME 1
| #define HAVE_GETPROTOBYNAME 1
| #define HAVE_INET_PTON 1
| #define HAVE_MALLOC 1
| #define HAVE_MEMSET 1
| #define HAVE_OPENDIR 1
| #define HAVE_POPEN 1
| #define HAVE_READ 1
| #define HAVE_REALLOC 1
| #define HAVE_RECV 1
| #define HAVE_REGCOMP 1
| #define HAVE_REGFREE 1
| #define HAVE_SNPRINTF 1
| #define HAVE_SOCKET 1
| #define HAVE_SPRINTF 1
| #define HAVE_STRCAT 1
| #define HAVE_STRCMP 1
| #define HAVE_STRCPY 1
| #define HAVE_STRFTIME 1
| #define HAVE_STRNCAT 1
| #define HAVE_STRNCPY 1
| #define HAVE_STRRCHR 1
| #define HAVE_STRSTR 1
| #define HAVE_SYSTEM 1
| #define HAVE_TIME 1
| #define HAVE_WAITPID 1
| #define HAVE_BZERO 1
| #define HAVE_GETCWD 1
| #define HAVE_GETHOSTNAME 1
| #define HAVE_INET_NTOA 1
| #define STDC_HEADERS 1
| #define HAVE_SYS_WAIT_H 1
| #define TIME_WITH_SYS_TIME 1
| #define HAVE_SYS_TYPES_H 1
| #define HAVE_SYS_STAT_H 1
| #define HAVE_STDLIB_H 1
| #define HAVE_STRING_H 1
| #define HAVE_MEMORY_H 1
| #define HAVE_STRINGS_H 1
| #define HAVE_INTTYPES_H 1
| #define HAVE_STDINT_H 1
| #define HAVE_UNISTD_H 1
| /* end confdefs.h.  */
| #include <stdio.h>
| #ifdef HAVE_SYS_TYPES_H
| # include <sys/types.h>
| #endif
| #ifdef HAVE_SYS_STAT_H
| # include <sys/stat.h>
| #endif
| #ifdef STDC_HEADERS
| # include <stdlib.h>
| # include <stddef.h>
| #else
| # ifdef HAVE_STDLIB_H
| #  include <stdlib.h>
| # endif
| #endif
| #ifdef HAVE_STRING_H
| # if !defined STDC_HEADERS && defined HAVE_MEMORY_H
| #  include <memory.h>
| # endif
| # include <string.h>
| #endif
| #ifdef HAVE_STRINGS_H
| # include <strings.h>
| #endif
| #ifdef HAVE_INTTYPES_H
| # include <inttypes.h>
| #endif
| #ifdef HAVE_STDINT_H
| # include <stdint.h>
| #endif
| #ifdef HAVE_UNISTD_H
| # include <unistd.h>
| #endif
| int
| main ()
| {
| if (sizeof ((pid_t)))
| 	    return 0;
|   ;
|   return 0;
| }
configure:5624: result: yes
configure:5637: checking vfork.h usability
configure:5637: g++ -c -g -O2  conftest.cpp >&5
conftest.cpp:124:19: error: vfork.h: No such file or directory
configure:5637: $? = 1
configure: failed program was:
| /* confdefs.h */
| #define PACKAGE_NAME ""
| #define PACKAGE_TARNAME ""
| #define PACKAGE_VERSION ""
| #define PACKAGE_STRING ""
| #define PACKAGE_BUGREPORT ""
| #define PACKAGE_URL ""
| #define PACKAGE "cips"
| #define VERSION "0.0.3"
| #define CIPS_MAJOR_VERSION 0
| #define CIPS_MINOR_VERSION 0
| #define CIPS_MICRO_VERSION 3
| #define REL 1
| #define CIPS_VERSION_FULL "0.0.3-1"
| #define HOST_OS ""
| #define CPU_VENDOR_OS ""
| #define HAVE_LIBSSL 1
| #define HAVE_LIBCRYPTO 1
| #define HAVE_ASN1_INTEGER_TO_BN 1
| #define HAVE_BIO_FREE 1
| #define HAVE_BN_BN2HEX 1
| #define HAVE_ERR_ERROR_STRING 1
| #define HAVE_ERR_LOAD_CRYPTO_STRINGS 1
| #define HAVE_ERR_PRINT_ERRORS_FP 1
| #define HAVE_PEM_READ_BIO_X509 1
| #define HAVE_RSA_PRIVATE_DECRYPT 1
| #define HAVE_SSL_CTX_CHECK_PRIVATE_KEY 1
| #define HAVE_SSL_CTX_NEW 1
| #define HAVE_SSL_CTX_USE_PRIVATEKEY_FILE 1
| #define HAVE_SSL_CTX_USE_CERTIFICATE_FILE 1
| #define HAVE_SSL_GET_PEER_CERTIFICATE 1
| #define HAVE_SSL_LOAD_ERROR_STRINGS 1
| #define HAVE_SSL_WRITE 1
| #define HAVE_SSLV2_CLIENT_METHOD 1
| #define HAVE_X509_NAME_ONELINE 1
| #define HAVE_X509_FREE 1
| #define HAVE_X509_GET_SERIALNUMBER 1
| #define HAVE_X509_ISSUER_AND_SERIAL_HASH 1
| #define HAVE_X509_ISSUER_NAME_HASH 1
| #define HAVE_X509_SUBJECT_NAME_HASH 1
| #define HAVE_CLOSE 1
| #define HAVE_CLOSEDIR 1
| #define HAVE_FOPEN 1
| #define HAVE_FORK 1
| #define HAVE_FREAD 1
| #define HAVE_FWRITE 1
| #define HAVE_GETGRNAM 1
| #define HAVE_GETHOSTBYNAME 1
| #define HAVE_GETPROTOBYNAME 1
| #define HAVE_INET_PTON 1
| #define HAVE_MALLOC 1
| #define HAVE_MEMSET 1
| #define HAVE_OPENDIR 1
| #define HAVE_POPEN 1
| #define HAVE_READ 1
| #define HAVE_REALLOC 1
| #define HAVE_RECV 1
| #define HAVE_REGCOMP 1
| #define HAVE_REGFREE 1
| #define HAVE_SNPRINTF 1
| #define HAVE_SOCKET 1
| #define HAVE_SPRINTF 1
| #define HAVE_STRCAT 1
| #define HAVE_STRCMP 1
| #define HAVE_STRCPY 1
| #define HAVE_STRFTIME 1
| #define HAVE_STRNCAT 1
| #define HAVE_STRNCPY 1
| #define HAVE_STRRCHR 1
| #define HAVE_STRSTR 1
| #define HAVE_SYSTEM 1
| #define HAVE_TIME 1
| #define HAVE_WAITPID 1
| #define HAVE_BZERO 1
| #define HAVE_GETCWD 1
| #define HAVE_GETHOSTNAME 1
| #define HAVE_INET_NTOA 1
| #define STDC_HEADERS 1
| #define HAVE_SYS_WAIT_H 1
| #define TIME_WITH_SYS_TIME 1
| #define HAVE_SYS_TYPES_H 1
| #define HAVE_SYS_STAT_H 1
| #define HAVE_STDLIB_H 1
| #define HAVE_STRING_H 1
| #define HAVE_MEMORY_H 1
| #define HAVE_STRINGS_H 1
| #define HAVE_INTTYPES_H 1
| #define HAVE_STDINT_H 1
| #define HAVE_UNISTD_H 1
| /* end confdefs.h.  */
| #include <stdio.h>
| #ifdef HAVE_SYS_TYPES_H
| # include <sys/types.h>
| #endif
| #ifdef HAVE_SYS_STAT_H
| # include <sys/stat.h>
| #endif
| #ifdef STDC_HEADERS
| # include <stdlib.h>
| # include <stddef.h>
| #else
| # ifdef HAVE_STDLIB_H
| #  include <stdlib.h>
| # endif
| #endif
| #ifdef HAVE_STRING_H
| # if !defined STDC_HEADERS && defined HAVE_MEMORY_H
| #  include <memory.h>
| # endif
| # include <string.h>
| #endif
| #ifdef HAVE_STRINGS_H
| # include <strings.h>
| #endif
| #ifdef HAVE_INTTYPES_H
| # include <inttypes.h>
| #endif
| #ifdef HAVE_STDINT_H
| # include <stdint.h>
| #endif
| #ifdef HAVE_UNISTD_H
| # include <unistd.h>
| #endif
| #include <vfork.h>
configure:5637: result: no
configure:5637: checking vfork.h presence
configure:5637: g++ -E  conftest.cpp
conftest.cpp:91:19: error: vfork.h: No such file or directory
configure:5637: $? = 1
configure: failed program was:
| /* confdefs.h */
| #define PACKAGE_NAME ""
| #define PACKAGE_TARNAME ""
| #define PACKAGE_VERSION ""
| #define PACKAGE_STRING ""
| #define PACKAGE_BUGREPORT ""
| #define PACKAGE_URL ""
| #define PACKAGE "cips"
| #define VERSION "0.0.3"
| #define CIPS_MAJOR_VERSION 0
| #define CIPS_MINOR_VERSION 0
| #define CIPS_MICRO_VERSION 3
| #define REL 1
| #define CIPS_VERSION_FULL "0.0.3-1"
| #define HOST_OS ""
| #define CPU_VENDOR_OS ""
| #define HAVE_LIBSSL 1
| #define HAVE_LIBCRYPTO 1
| #define HAVE_ASN1_INTEGER_TO_BN 1
| #define HAVE_BIO_FREE 1
| #define HAVE_BN_BN2HEX 1
| #define HAVE_ERR_ERROR_STRING 1
| #define HAVE_ERR_LOAD_CRYPTO_STRINGS 1
| #define HAVE_ERR_PRINT_ERRORS_FP 1
| #define HAVE_PEM_READ_BIO_X509 1
| #define HAVE_RSA_PRIVATE_DECRYPT 1
| #define HAVE_SSL_CTX_CHECK_PRIVATE_KEY 1
| #define HAVE_SSL_CTX_NEW 1
| #define HAVE_SSL_CTX_USE_PRIVATEKEY_FILE 1
| #define HAVE_SSL_CTX_USE_CERTIFICATE_FILE 1
| #define HAVE_SSL_GET_PEER_CERTIFICATE 1
| #define HAVE_SSL_LOAD_ERROR_STRINGS 1
| #define HAVE_SSL_WRITE 1
| #define HAVE_SSLV2_CLIENT_METHOD 1
| #define HAVE_X509_NAME_ONELINE 1
| #define HAVE_X509_FREE 1
| #define HAVE_X509_GET_SERIALNUMBER 1
| #define HAVE_X509_ISSUER_AND_SERIAL_HASH 1
| #define HAVE_X509_ISSUER_NAME_HASH 1
| #define HAVE_X509_SUBJECT_NAME_HASH 1
| #define HAVE_CLOSE 1
| #define HAVE_CLOSEDIR 1
| #define HAVE_FOPEN 1
| #define HAVE_FORK 1
| #define HAVE_FREAD 1
| #define HAVE_FWRITE 1
| #define HAVE_GETGRNAM 1
| #define HAVE_GETHOSTBYNAME 1
| #define HAVE_GETPROTOBYNAME 1
| #define HAVE_INET_PTON 1
| #define HAVE_MALLOC 1
| #define HAVE_MEMSET 1
| #define HAVE_OPENDIR 1
| #define HAVE_POPEN 1
| #define HAVE_READ 1
| #define HAVE_REALLOC 1
| #define HAVE_RECV 1
| #define HAVE_REGCOMP 1
| #define HAVE_REGFREE 1
| #define HAVE_SNPRINTF 1
| #define HAVE_SOCKET 1
| #define HAVE_SPRINTF 1
| #define HAVE_STRCAT 1
| #define HAVE_STRCMP 1
| #define HAVE_STRCPY 1
| #define HAVE_STRFTIME 1
| #define HAVE_STRNCAT 1
| #define HAVE_STRNCPY 1
| #define HAVE_STRRCHR 1
| #define HAVE_STRSTR 1
| #define HAVE_SYSTEM 1
| #define HAVE_TIME 1
| #define HAVE_WAITPID 1
| #define HAVE_BZERO 1
| #define HAVE_GETCWD 1
| #define HAVE_GETHOSTNAME 1
| #define HAVE_INET_NTOA 1
| #define STDC_HEADERS 1
| #define HAVE_SYS_WAIT_H 1
| #define TIME_WITH_SYS_TIME 1
| #define HAVE_SYS_TYPES_H 1
| #define HAVE_SYS_STAT_H 1
| #define HAVE_STDLIB_H 1
| #define HAVE_STRING_H 1
| #define HAVE_MEMORY_H 1
| #define HAVE_STRINGS_H 1
| #define HAVE_INTTYPES_H 1
| #define HAVE_STDINT_H 1
| #define HAVE_UNISTD_H 1
| /* end confdefs.h.  */
| #include <vfork.h>
configure:5637: result: no
configure:5637: checking for vfork.h
configure:5637: result: no
configure:5650: checking for fork
configure:5650: result: yes
configure:5650: checking for vfork
configure:5650: g++ -o conftest -g -O2   conftest.cpp -lcrypto -lssl  >&5
configure:5650: $? = 0
configure:5650: result: yes
configure:5660: checking for working fork
configure:5682: g++ -o conftest -g -O2   conftest.cpp -lcrypto -lssl  >&5

## ---------------- ##
## Cache variables. ##
## ---------------- ##

ac_cv_c_compiler_gnu=yes
ac_cv_cxx_compiler_gnu=yes
ac_cv_env_CCC_set=
ac_cv_env_CCC_value=
ac_cv_env_CC_set=
ac_cv_env_CC_value=
ac_cv_env_CFLAGS_set=
ac_cv_env_CFLAGS_value=
ac_cv_env_CPPFLAGS_set=
ac_cv_env_CPPFLAGS_value=
ac_cv_env_CXXCPP_set=
ac_cv_env_CXXCPP_value=
ac_cv_env_CXXFLAGS_set=
ac_cv_env_CXXFLAGS_value=
ac_cv_env_CXX_set=
ac_cv_env_CXX_value=
ac_cv_env_LDFLAGS_set=
ac_cv_env_LDFLAGS_value=
ac_cv_env_LIBS_set=
ac_cv_env_LIBS_value=
ac_cv_env_build_alias_set=
ac_cv_env_build_alias_value=
ac_cv_env_host_alias_set=
ac_cv_env_host_alias_value=
ac_cv_env_target_alias_set=
ac_cv_env_target_alias_value=
ac_cv_func_ASN1_INTEGER_to_BN=yes
ac_cv_func_BIO_free=yes
ac_cv_func_BN_bn2hex=yes
ac_cv_func_ERR_error_string=yes
ac_cv_func_ERR_load_crypto_strings=yes
ac_cv_func_ERR_print_errors_fp=yes
ac_cv_func_OpenSSL_add_all_algorithms=no
ac_cv_func_PEM_read_bio_X509=yes
ac_cv_func_RSA_private_decrypt=yes
ac_cv_func_SSL_CTX_check_private_key=yes
ac_cv_func_SSL_CTX_new=yes
ac_cv_func_SSL_CTX_use_PrivateKey_file=yes
ac_cv_func_SSL_CTX_use_certificate_file=yes
ac_cv_func_SSL_get_peer_certificate=yes
ac_cv_func_SSL_load_error_strings=yes
ac_cv_func_SSL_write=yes
ac_cv_func_SSLv2_client_method=yes
ac_cv_func_X509_NAME_oneline=yes
ac_cv_func_X509_free=yes
ac_cv_func_X509_get_serialNumber=yes
ac_cv_func_X509_issuer_and_serial_hash=yes
ac_cv_func_X509_issuer_name_hash=yes
ac_cv_func_X509_subject_name_hash=yes
ac_cv_func_bzero=yes
ac_cv_func_close=yes
ac_cv_func_closedir=yes
ac_cv_func_fopen=yes
ac_cv_func_fork=yes
ac_cv_func_fread=yes
ac_cv_func_fwrite=yes
ac_cv_func_getcwd=yes
ac_cv_func_getgrnam=yes
ac_cv_func_gethostbyname=yes
ac_cv_func_gethostname=yes
ac_cv_func_getprotobyname=yes
ac_cv_func_inet_ntoa=yes
ac_cv_func_inet_pton=yes
ac_cv_func_malloc=yes
ac_cv_func_memset=yes
ac_cv_func_opendir=yes
ac_cv_func_popen=yes
ac_cv_func_read=yes
ac_cv_func_realloc=yes
ac_cv_func_recv=yes
ac_cv_func_regcomp=yes
ac_cv_func_regfree=yes
ac_cv_func_snprintf=yes
ac_cv_func_socket=yes
ac_cv_func_sprintf=yes
ac_cv_func_strcat=yes
ac_cv_func_strcmp=yes
ac_cv_func_strcpy=yes
ac_cv_func_strftime=yes
ac_cv_func_strncat=yes
ac_cv_func_strncpy=yes
ac_cv_func_strrchr=yes
ac_cv_func_strstr=yes
ac_cv_func_system=yes
ac_cv_func_time=yes
ac_cv_func_vfork=yes
ac_cv_func_waitpid=yes
ac_cv_header_inttypes_h=yes
ac_cv_header_memory_h=yes
ac_cv_header_stdc=yes
ac_cv_header_stdint_h=yes
ac_cv_header_stdlib_h=yes
ac_cv_header_string_h=yes
ac_cv_header_strings_h=yes
ac_cv_header_sys_stat_h=yes
ac_cv_header_sys_types_h=yes
ac_cv_header_sys_wait_h=yes
ac_cv_header_time=yes
ac_cv_header_unistd_h=yes
ac_cv_header_vfork_h=no
ac_cv_lib_crypto_main=yes
ac_cv_lib_error_at_line=yes
ac_cv_lib_ssl_main=yes
ac_cv_objext=o
ac_cv_path_EGREP='/bin/grep -E'
ac_cv_path_GREP=/bin/grep
ac_cv_path_install='/usr/bin/install -c'
ac_cv_path_mkdir=/bin/mkdir
ac_cv_prog_AWK=gawk
ac_cv_prog_CXXCPP='g++ -E'
ac_cv_prog_ac_ct_CC=gcc
ac_cv_prog_ac_ct_CXX=g++
ac_cv_prog_cc_c89=
ac_cv_prog_cc_g=yes
ac_cv_prog_cc_gcc_c_o=yes
ac_cv_prog_cxx_g=yes
ac_cv_prog_make_make_set=yes
ac_cv_type_pid_t=yes
ac_cv_type_size_t=yes
am_cv_CC_dependencies_compiler_type=gcc3
am_cv_CXX_dependencies_compiler_type=gcc3

## ----------------- ##
## Output variables. ##
## ----------------- ##

ACLOCAL='${SHELL} /opt/code/c/cips-0.0.5/missing --run aclocal-1.11'
AMDEPBACKSLASH='\'
AMDEP_FALSE='#'
AMDEP_TRUE=''
AMTAR='${SHELL} /opt/code/c/cips-0.0.5/missing --run tar'
AM_CXXFLAGS=''
AM_LDFLAGS=''
AUTOCONF='${SHELL} /opt/code/c/cips-0.0.5/missing --run autoconf'
AUTOHEADER='${SHELL} /opt/code/c/cips-0.0.5/missing --run autoheader'
AUTOMAKE='${SHELL} /opt/code/c/cips-0.0.5/missing --run automake-1.11'
AWK='gawk'
CC='gcc'
CCDEPMODE='depmode=gcc3'
CFLAGS='-g -O2'
CIPS_MAJOR_VERSION='0'
CIPS_MICRO_VERSION='3'
CIPS_MINOR_VERSION='0'
CIPS_VERSION='0.0.3'
CPPFLAGS=''
CXX='g++'
CXXCPP='g++ -E'
CXXDEPMODE='depmode=gcc3'
CXXFLAGS='-g -O2'
CYGPATH_W='echo'
DEFS=''
DEPDIR='.deps'
ECHO_C=''
ECHO_N='-n'
ECHO_T=''
EGREP='/bin/grep -E'
EXEEXT=''
GREP='/bin/grep'
INSTALL_DATA='${INSTALL} -m 644'
INSTALL_PROGRAM='${INSTALL}'
INSTALL_SCRIPT='${INSTALL}'
INSTALL_STRIP_PROGRAM='$(install_sh) -c -s'
LDFLAGS=''
LIBOBJS=''
LIBS='-lcrypto -lssl '
LTLIBOBJS=''
MAKEINFO='${SHELL} /opt/code/c/cips-0.0.5/missing --run makeinfo'
MKDIR_P='/bin/mkdir -p'
OBJEXT='o'
PACKAGE='cips'
PACKAGE_BUGREPORT=''
PACKAGE_NAME=''
PACKAGE_STRING=''
PACKAGE_TARNAME=''
PACKAGE_URL=''
PACKAGE_VERSION=''
PATH_SEPARATOR=':'
REL='1'
SET_MAKE=''
SHELL='/bin/sh'
STRIP=''
VERSION='0.0.3'
ac_ct_CC='gcc'
ac_ct_CXX='g++'
am__EXEEXT_FALSE=''
am__EXEEXT_TRUE=''
am__fastdepCC_FALSE='#'
am__fastdepCC_TRUE=''
am__fastdepCXX_FALSE='#'
am__fastdepCXX_TRUE=''
am__include='include'
am__isrc=''
am__leading_dot='.'
am__quote=''
am__tar='${AMTAR} chof - "$$tardir"'
am__untar='${AMTAR} xf -'
bindir='${exec_prefix}/bin'
build_alias=''
datadir='${datarootdir}'
datarootdir='${prefix}/share'
docdir='${datarootdir}/doc/${PACKAGE}'
dvidir='${docdir}'
exec_prefix='NONE'
host_alias=''
htmldir='${docdir}'
includedir='${prefix}/include'
infodir='${datarootdir}/info'
install_sh='${SHELL} /opt/code/c/cips-0.0.5/install-sh'
libdir='${exec_prefix}/lib'
libexecdir='${exec_prefix}/libexec'
localedir='${datarootdir}/locale'
localstatedir='${prefix}/var'
mandir='${datarootdir}/man'
mkdir_p='/bin/mkdir -p'
oldincludedir='/usr/include'
pdfdir='${docdir}'
prefix='NONE'
program_transform_name='s,x,x,'
psdir='${docdir}'
sbindir='${exec_prefix}/sbin'
sharedstatedir='${prefix}/com'
sysconfdir='${prefix}/etc'
target_alias=''

## ----------- ##
## confdefs.h. ##
## ----------- ##

/* confdefs.h */
#define PACKAGE_NAME ""
#define PACKAGE_TARNAME ""
#define PACKAGE_VERSION ""
#define PACKAGE_STRING ""
#define PACKAGE_BUGREPORT ""
#define PACKAGE_URL ""
#define PACKAGE "cips"
#define VERSION "0.0.3"
#define CIPS_MAJOR_VERSION 0
#define CIPS_MINOR_VERSION 0
#define CIPS_MICRO_VERSION 3
#define REL 1
#define CIPS_VERSION_FULL "0.0.3-1"
#define HOST_OS ""
#define CPU_VENDOR_OS ""
#define HAVE_LIBSSL 1
#define HAVE_LIBCRYPTO 1
#define HAVE_ASN1_INTEGER_TO_BN 1
#define HAVE_BIO_FREE 1
#define HAVE_BN_BN2HEX 1
#define HAVE_ERR_ERROR_STRING 1
#define HAVE_ERR_LOAD_CRYPTO_STRINGS 1
#define HAVE_ERR_PRINT_ERRORS_FP 1
#define HAVE_PEM_READ_BIO_X509 1
#define HAVE_RSA_PRIVATE_DECRYPT 1
#define HAVE_SSL_CTX_CHECK_PRIVATE_KEY 1
#define HAVE_SSL_CTX_NEW 1
#define HAVE_SSL_CTX_USE_PRIVATEKEY_FILE 1
#define HAVE_SSL_CTX_USE_CERTIFICATE_FILE 1
#define HAVE_SSL_GET_PEER_CERTIFICATE 1
#define HAVE_SSL_LOAD_ERROR_STRINGS 1
#define HAVE_SSL_WRITE 1
#define HAVE_SSLV2_CLIENT_METHOD 1
#define HAVE_X509_NAME_ONELINE 1
#define HAVE_X509_FREE 1
#define HAVE_X509_GET_SERIALNUMBER 1
#define HAVE_X509_ISSUER_AND_SERIAL_HASH 1
#define HAVE_X509_ISSUER_NAME_HASH 1
#define HAVE_X509_SUBJECT_NAME_HASH 1
#define HAVE_CLOSE 1
#define HAVE_CLOSEDIR 1
#define HAVE_FOPEN 1
#define HAVE_FORK 1
#define HAVE_FREAD 1
#define HAVE_FWRITE 1
#define HAVE_GETGRNAM 1
#define HAVE_GETHOSTBYNAME 1
#define HAVE_GETPROTOBYNAME 1
#define HAVE_INET_PTON 1
#define HAVE_MALLOC 1
#define HAVE_MEMSET 1
#define HAVE_OPENDIR 1
#define HAVE_POPEN 1
#define HAVE_READ 1
#define HAVE_REALLOC 1
#define HAVE_RECV 1
#define HAVE_REGCOMP 1
#define HAVE_REGFREE 1
#define HAVE_SNPRINTF 1
#define HAVE_SOCKET 1
#define HAVE_SPRINTF 1
#define HAVE_STRCAT 1
#define HAVE_STRCMP 1
#define HAVE_STRCPY 1
#define HAVE_STRFTIME 1
#define HAVE_STRNCAT 1
#define HAVE_STRNCPY 1
#define HAVE_STRRCHR 1
#define HAVE_STRSTR 1
#define HAVE_SYSTEM 1
#define HAVE_TIME 1
#define HAVE_WAITPID 1
#define HAVE_BZERO 1
#define HAVE_GETCWD 1
#define HAVE_GETHOSTNAME 1
#define HAVE_INET_NTOA 1
#define STDC_HEADERS 1
#define HAVE_SYS_WAIT_H 1
#define TIME_WITH_SYS_TIME 1
#define HAVE_SYS_TYPES_H 1
#define HAVE_SYS_STAT_H 1
#define HAVE_STDLIB_H 1
#define HAVE_STRING_H 1
#define HAVE_MEMORY_H 1
#define HAVE_STRINGS_H 1
#define HAVE_INTTYPES_H 1
#define HAVE_STDINT_H 1
#define HAVE_UNISTD_H 1
#define HAVE_FORK 1
#define HAVE_VFORK 1

configure: caught signal 2
configure: exit 1
